13-Jan-2025 15:47:12.649 SEVERE [http-nio-8080-exec-5] org.apache.catalina.core.StandardWrapperValve.invoke Servlet.service() for servlet [CartServlet] in context with path [/DoAnWeb] threw exception
	java.lang.NumberFormatException: Cannot parse null string
		at java.base/java.lang.Integer.parseInt(Integer.java:630)
		at java.base/java.lang.Integer.parseInt(Integer.java:786)
		at vn.edu.hcmuaf.controller.CartServlet.doPost(CartServlet.java:27)
		at javax.servlet.http.HttpServlet.service(HttpServlet.java:555)
		at javax.servlet.http.HttpServlet.service(HttpServlet.java:623)
		at org.apache.catalina.core.ApplicationFilterChain.internalDoFilter(ApplicationFilterChain.java:199)
		at org.apache.catalina.core.ApplicationFilterChain.doFilter(ApplicationFilterChain.java:144)
		at org.apache.tomcat.websocket.server.WsFilter.doFilter(WsFilter.java:51)
		at org.apache.catalina.core.ApplicationFilterChain.internalDoFilter(ApplicationFilterChain.java:168)
		at org.apache.catalina.core.ApplicationFilterChain.doFilter(ApplicationFilterChain.java:144)
		at org.apache.catalina.core.StandardWrapperValve.invoke(StandardWrapperValve.java:168)
		at org.apache.catalina.core.StandardContextValve.invoke(StandardContextValve.java:90)
		at org.apache.catalina.authenticator.AuthenticatorBase.invoke(AuthenticatorBase.java:481)
		at org.apache.catalina.core.StandardHostValve.invoke(StandardHostValve.java:130)
		at org.apache.catalina.valves.ErrorReportValve.invoke(ErrorReportValve.java:93)
		at org.apache.catalina.valves.AbstractAccessLogValve.invoke(AbstractAccessLogValve.java:660)
		at org.apache.catalina.core.StandardEngineValve.invoke(StandardEngineValve.java:74)
		at org.apache.catalina.connector.CoyoteAdapter.service(CoyoteAdapter.java:346)
		at org.apache.coyote.http11.Http11Processor.service(Http11Processor.java:388)
		at org.apache.coyote.AbstractProcessorLight.process(AbstractProcessorLight.java:63)
		at org.apache.coyote.AbstractProtocol$ConnectionHandler.process(AbstractProtocol.java:928)
		at org.apache.tomcat.util.net.NioEndpoint$SocketProcessor.doRun(NioEndpoint.java:1791)
		at org.apache.tomcat.util.net.SocketProcessorBase.run(SocketProcessorBase.java:52)
		at org.apache.tomcat.util.threads.ThreadPoolExecutor.runWorker(ThreadPoolExecutor.java:1190)
		at org.apache.tomcat.util.threads.ThreadPoolExecutor$Worker.run(ThreadPoolExecutor.java:659)
		at org.apache.tomcat.util.threads.TaskThread$WrappingRunnable.run(TaskThread.java:63)
		at java.base/java.lang.Thread.run(Thread.java:840)
13-Jan-2025 15:47:41.764 SEVERE [http-nio-8080-exec-2] org.apache.catalina.core.StandardWrapperValve.invoke Servlet.service() for servlet [CartServlet] in context with path [/DoAnWeb] threw exception
	java.lang.NumberFormatException: Cannot parse null string
		at java.base/java.lang.Integer.parseInt(Integer.java:630)
		at java.base/java.lang.Integer.parseInt(Integer.java:786)
		at vn.edu.hcmuaf.controller.CartServlet.doPost(CartServlet.java:27)
		at javax.servlet.http.HttpServlet.service(HttpServlet.java:555)
		at javax.servlet.http.HttpServlet.service(HttpServlet.java:623)
		at org.apache.catalina.core.ApplicationFilterChain.internalDoFilter(ApplicationFilterChain.java:199)
		at org.apache.catalina.core.ApplicationFilterChain.doFilter(ApplicationFilterChain.java:144)
		at org.apache.tomcat.websocket.server.WsFilter.doFilter(WsFilter.java:51)
		at org.apache.catalina.core.ApplicationFilterChain.internalDoFilter(ApplicationFilterChain.java:168)
		at org.apache.catalina.core.ApplicationFilterChain.doFilter(ApplicationFilterChain.java:144)
		at org.apache.catalina.core.StandardWrapperValve.invoke(StandardWrapperValve.java:168)
		at org.apache.catalina.core.StandardContextValve.invoke(StandardContextValve.java:90)
		at org.apache.catalina.authenticator.AuthenticatorBase.invoke(AuthenticatorBase.java:481)
		at org.apache.catalina.core.StandardHostValve.invoke(StandardHostValve.java:130)
		at org.apache.catalina.valves.ErrorReportValve.invoke(ErrorReportValve.java:93)
		at org.apache.catalina.valves.AbstractAccessLogValve.invoke(AbstractAccessLogValve.java:660)
		at org.apache.catalina.core.StandardEngineValve.invoke(StandardEngineValve.java:74)
		at org.apache.catalina.connector.CoyoteAdapter.service(CoyoteAdapter.java:346)
		at org.apache.coyote.http11.Http11Processor.service(Http11Processor.java:388)
		at org.apache.coyote.AbstractProcessorLight.process(AbstractProcessorLight.java:63)
		at org.apache.coyote.AbstractProtocol$ConnectionHandler.process(AbstractProtocol.java:928)
		at org.apache.tomcat.util.net.NioEndpoint$SocketProcessor.doRun(NioEndpoint.java:1791)
		at org.apache.tomcat.util.net.SocketProcessorBase.run(SocketProcessorBase.java:52)
		at org.apache.tomcat.util.threads.ThreadPoolExecutor.runWorker(ThreadPoolExecutor.java:1190)
		at org.apache.tomcat.util.threads.ThreadPoolExecutor$Worker.run(ThreadPoolExecutor.java:659)
		at org.apache.tomcat.util.threads.TaskThread$WrappingRunnable.run(TaskThread.java:63)
		at java.base/java.lang.Thread.run(Thread.java:840)
13-Jan-2025 15:54:07.691 SEVERE [http-nio-8080-exec-10] org.apache.catalina.core.StandardWrapperValve.invoke Servlet.service() for servlet [CartServlet] in context with path [/DoAnWeb] threw exception
	java.lang.NumberFormatException: For input string: ""
		at java.base/java.lang.NumberFormatException.forInputString(NumberFormatException.java:67)
		at java.base/java.lang.Integer.parseInt(Integer.java:678)
		at java.base/java.lang.Integer.parseInt(Integer.java:786)
		at vn.edu.hcmuaf.controller.CartServlet.doPost(CartServlet.java:29)
		at javax.servlet.http.HttpServlet.service(HttpServlet.java:555)
		at javax.servlet.http.HttpServlet.service(HttpServlet.java:623)
		at org.apache.catalina.core.ApplicationFilterChain.internalDoFilter(ApplicationFilterChain.java:199)
		at org.apache.catalina.core.ApplicationFilterChain.doFilter(ApplicationFilterChain.java:144)
		at org.apache.tomcat.websocket.server.WsFilter.doFilter(WsFilter.java:51)
		at org.apache.catalina.core.ApplicationFilterChain.internalDoFilter(ApplicationFilterChain.java:168)
		at org.apache.catalina.core.ApplicationFilterChain.doFilter(ApplicationFilterChain.java:144)
		at org.apache.catalina.core.StandardWrapperValve.invoke(StandardWrapperValve.java:168)
		at org.apache.catalina.core.StandardContextValve.invoke(StandardContextValve.java:90)
		at org.apache.catalina.authenticator.AuthenticatorBase.invoke(AuthenticatorBase.java:481)
		at org.apache.catalina.core.StandardHostValve.invoke(StandardHostValve.java:130)
		at org.apache.catalina.valves.ErrorReportValve.invoke(ErrorReportValve.java:93)
		at org.apache.catalina.valves.AbstractAccessLogValve.invoke(AbstractAccessLogValve.java:660)
		at org.apache.catalina.core.StandardEngineValve.invoke(StandardEngineValve.java:74)
		at org.apache.catalina.connector.CoyoteAdapter.service(CoyoteAdapter.java:346)
		at org.apache.coyote.http11.Http11Processor.service(Http11Processor.java:388)
		at org.apache.coyote.AbstractProcessorLight.process(AbstractProcessorLight.java:63)
		at org.apache.coyote.AbstractProtocol$ConnectionHandler.process(AbstractProtocol.java:928)
		at org.apache.tomcat.util.net.NioEndpoint$SocketProcessor.doRun(NioEndpoint.java:1791)
		at org.apache.tomcat.util.net.SocketProcessorBase.run(SocketProcessorBase.java:52)
		at org.apache.tomcat.util.threads.ThreadPoolExecutor.runWorker(ThreadPoolExecutor.java:1190)
		at org.apache.tomcat.util.threads.ThreadPoolExecutor$Worker.run(ThreadPoolExecutor.java:659)
		at org.apache.tomcat.util.threads.TaskThread$WrappingRunnable.run(TaskThread.java:63)
		at java.base/java.lang.Thread.run(Thread.java:840)
13-Jan-2025 16:06:02.550 WARNING [Thread-1] org.apache.catalina.session.StandardSession.doWriteObject Cannot serialize session attribute [cart] for session [A52D94AD02E5362552BBC1A7623973F3]
	java.io.NotSerializableException: vn.edu.hcmuaf.model.Cart
		at java.base/java.io.ObjectOutputStream.writeObject0(ObjectOutputStream.java:1187)
		at java.base/java.io.ObjectOutputStream.writeObject(ObjectOutputStream.java:350)
		at java.base/java.util.ArrayList.writeObject(ArrayList.java:866)
		at java.base/jdk.internal.reflect.NativeMethodAccessorImpl.invoke0(Native Method)
		at java.base/jdk.internal.reflect.NativeMethodAccessorImpl.invoke(NativeMethodAccessorImpl.java:77)
		at java.base/jdk.internal.reflect.DelegatingMethodAccessorImpl.invoke(DelegatingMethodAccessorImpl.java:43)
		at java.base/java.lang.reflect.Method.invoke(Method.java:569)
		at java.base/java.io.ObjectStreamClass.invokeWriteObject(ObjectStreamClass.java:1070)
		at java.base/java.io.ObjectOutputStream.writeSerialData(ObjectOutputStream.java:1516)
		at java.base/java.io.ObjectOutputStream.writeOrdinaryObject(ObjectOutputStream.java:1438)
		at java.base/java.io.ObjectOutputStream.writeObject0(ObjectOutputStream.java:1181)
		at java.base/java.io.ObjectOutputStream.writeObject(ObjectOutputStream.java:350)
		at org.apache.catalina.session.StandardSession.doWriteObject(StandardSession.java:1385)
		at org.apache.catalina.session.StandardSession.writeObjectData(StandardSession.java:861)
		at org.apache.catalina.session.StandardManager.doUnload(StandardManager.java:306)
		at org.apache.catalina.session.StandardManager.unload(StandardManager.java:258)
		at org.apache.catalina.session.StandardManager.stopInternal(StandardManager.java:373)
		at org.apache.catalina.util.LifecycleBase.stop(LifecycleBase.java:242)
		at org.apache.catalina.core.StandardContext.stopInternal(StandardContext.java:4670)
		at org.apache.catalina.util.LifecycleBase.stop(LifecycleBase.java:242)
		at org.apache.catalina.core.ContainerBase$StopChild.call(ContainerBase.java:1219)
		at org.apache.catalina.core.ContainerBase$StopChild.call(ContainerBase.java:1208)
		at java.base/java.util.concurrent.FutureTask.run(FutureTask.java:264)
		at org.apache.tomcat.util.threads.InlineExecutorService.execute(InlineExecutorService.java:75)
		at java.base/java.util.concurrent.AbstractExecutorService.submit(AbstractExecutorService.java:145)
		at org.apache.catalina.core.ContainerBase.stopInternal(ContainerBase.java:814)
		at org.apache.catalina.util.LifecycleBase.stop(LifecycleBase.java:242)
		at org.apache.catalina.core.ContainerBase$StopChild.call(ContainerBase.java:1219)
		at org.apache.catalina.core.ContainerBase$StopChild.call(ContainerBase.java:1208)
		at java.base/java.util.concurrent.FutureTask.run(FutureTask.java:264)
		at org.apache.tomcat.util.threads.InlineExecutorService.execute(InlineExecutorService.java:75)
		at java.base/java.util.concurrent.AbstractExecutorService.submit(AbstractExecutorService.java:145)
		at org.apache.catalina.core.ContainerBase.stopInternal(ContainerBase.java:814)
		at org.apache.catalina.util.LifecycleBase.stop(LifecycleBase.java:242)
		at org.apache.catalina.core.StandardService.stopInternal(StandardService.java:471)
		at org.apache.catalina.util.LifecycleBase.stop(LifecycleBase.java:242)
		at org.apache.catalina.core.StandardServer.stopInternal(StandardServer.java:923)
		at org.apache.catalina.util.LifecycleBase.stop(LifecycleBase.java:242)
		at org.apache.catalina.startup.Catalina.stop(Catalina.java:810)
		at org.apache.catalina.startup.Catalina$CatalinaShutdownHook.run(Catalina.java:955)
13-Jan-2025 16:06:10.368 WARNING [main] org.apache.catalina.session.StandardSession.doReadObject Cannot deserialize session attribute [cart] for session [A52D94AD02E5362552BBC1A7623973F3]
